# JRE version: Java(TM) SE Runtime Environment (8.0_25-b17) (build 1.8.0_25-b17)
# Java VM: Java HotSpot(TM) 64-Bit Server VM (25.25-b02 mixed mode linux-amd64 compressed oops)
Heap:
 PSYoungGen      total 198144K, used 28919K [0x00000000eab00000, 0x00000000fde00000, 0x0000000100000000)
  eden space 81920K, 0% used [0x00000000eab00000,0x00000000eab00000,0x00000000efb00000)
  from space 116224K, 24% used [0x00000000f6c80000,0x00000000f88bdf68,0x00000000fde00000)
  to   space 116224K, 0% used [0x00000000efb00000,0x00000000efb00000,0x00000000f6c80000)
 ParOldGen       total 329728K, used 329639K [0x00000000c0000000, 0x00000000d4200000, 0x00000000eab00000)
  object space 329728K, 99% used [0x00000000c0000000,0x00000000d41e9dd8,0x00000000d4200000)
 Metaspace       used 5340K, capacity 6608K, committed 6784K, reserved 1056768K
  class space    used 518K, capacity 584K, committed 640K, reserved 1048576K
GC Heap History (10 events):
Event: 15.007 GC heap after
Heap after GC invocations=18 (full 3):
 PSYoungGen      total 167936K, used 103968K [0x00000000eab00000, 0x00000000fd080000, 0x0000000100000000)
  eden space 51712K, 0% used [0x00000000eab00000,0x00000000eab00000,0x00000000edd80000)
  from space 116224K, 89% used [0x00000000edd80000,0x00000000f4308218,0x00000000f4f00000)
  to   space 116224K, 0% used [0x00000000f5f00000,0x00000000f5f00000,0x00000000fd080000)
 ParOldGen       total 210432K, used 169585K [0x00000000c0000000, 0x00000000ccd80000, 0x00000000eab00000)
  object space 210432K, 80% used [0x00000000c0000000,0x00000000ca59c798,0x00000000ccd80000)
 Metaspace       used 5235K, capacity 6544K, committed 6784K, reserved 1056768K
  class space    used 499K, capacity 584K, committed 640K, reserved 1048576K
}
Event: 15.484 GC heap before
{Heap before GC invocations=19 (full 3):
 PSYoungGen      total 167936K, used 155680K [0x00000000eab00000, 0x00000000fd080000, 0x0000000100000000)
  eden space 51712K, 100% used [0x00000000eab00000,0x00000000edd80000,0x00000000edd80000)
  from space 116224K, 89% used [0x00000000edd80000,0x00000000f4308218,0x00000000f4f00000)
  to   space 116224K, 0% used [0x00000000f5f00000,0x00000000f5f00000,0x00000000fd080000)
 ParOldGen       total 210432K, used 169585K [0x00000000c0000000, 0x00000000ccd80000, 0x00000000eab00000)
  object space 210432K, 80% used [0x00000000c0000000,0x00000000ca59c798,0x00000000ccd80000)
 Metaspace       used 5235K, capacity 6544K, committed 6784K, reserved 1056768K
  class space    used 499K, capacity 584K, committed 640K, reserved 1048576K
Event: 15.925 GC heap after
Heap after GC invocations=19 (full 3):
 PSYoungGen      total 184320K, used 84518K [0x00000000eab00000, 0x00000000fd100000, 0x0000000100000000)
  eden space 68096K, 0% used [0x00000000eab00000,0x00000000eab00000,0x00000000eed80000)
  from space 116224K, 72% used [0x00000000f5f00000,0x00000000fb1899a0,0x00000000fd080000)
  to   space 116224K, 0% used [0x00000000eed80000,0x00000000eed80000,0x00000000f5f00000)
 ParOldGen       total 212992K, used 211976K [0x00000000c0000000, 0x00000000cd000000, 0x00000000eab00000)
  object space 212992K, 99% used [0x00000000c0000000,0x00000000ccf02018,0x00000000cd000000)
 Metaspace       used 5235K, capacity 6544K, committed 6784K, reserved 1056768K
  class space    used 499K, capacity 584K, committed 640K, reserved 1048576K
}
Event: 15.927 GC heap before
{Heap before GC invocations=20 (full 4):
 PSYoungGen      total 184320K, used 84518K [0x00000000eab00000, 0x00000000fd100000, 0x0000000100000000)
  eden space 68096K, 0% used [0x00000000eab00000,0x00000000eab00000,0x00000000eed80000)
  from space 116224K, 72% used [0x00000000f5f00000,0x00000000fb1899a0,0x00000000fd080000)
  to   space 116224K, 0% used [0x00000000eed80000,0x00000000eed80000,0x00000000f5f00000)
 ParOldGen       total 212992K, used 211976K [0x00000000c0000000, 0x00000000cd000000, 0x00000000eab00000)
  object space 212992K, 99% used [0x00000000c0000000,0x00000000ccf02018,0x00000000cd000000)
 Metaspace       used 5235K, capacity 6544K, committed 6784K, reserved 1056768K
  class space    used 499K, capacity 584K, committed 640K, reserved 1048576K
Event: 18.475 GC heap after
Heap after GC invocations=20 (full 4):
 PSYoungGen      total 184320K, used 80603K [0x00000000eab00000, 0x00000000fd100000, 0x0000000100000000)
  eden space 68096K, 0% used [0x00000000eab00000,0x00000000eab00000,0x00000000eed80000)
  from space 116224K, 69% used [0x00000000f5f00000,0x00000000fadb6f90,0x00000000fd080000)
  to   space 116224K, 0% used [0x00000000eed80000,0x00000000eed80000,0x00000000f5f00000)
 ParOldGen       total 329728K, used 212721K [0x00000000c0000000, 0x00000000d4200000, 0x00000000eab00000)
  object space 329728K, 64% used [0x00000000c0000000,0x00000000ccfbc460,0x00000000d4200000)
 Metaspace       used 5235K, capacity 6544K, committed 6784K, reserved 1056768K
  class space    used 499K, capacity 584K, committed 640K, reserved 1048576K
}
Event: 19.012 GC heap before
{Heap before GC invocations=21 (full 4):
 PSYoungGen      total 184320K, used 148699K [0x00000000eab00000, 0x00000000fd100000, 0x0000000100000000)
  eden space 68096K, 100% used [0x00000000eab00000,0x00000000eed80000,0x00000000eed80000)
  from space 116224K, 69% used [0x00000000f5f00000,0x00000000fadb6f90,0x00000000fd080000)
  to   space 116224K, 0% used [0x00000000eed80000,0x00000000eed80000,0x00000000f5f00000)
 ParOldGen       total 329728K, used 212721K [0x00000000c0000000, 0x00000000d4200000, 0x00000000eab00000)
  object space 329728K, 64% used [0x00000000c0000000,0x00000000ccfbc460,0x00000000d4200000)
 Metaspace       used 5334K, capacity 6544K, committed 6784K, reserved 1056768K
  class space    used 518K, capacity 584K, committed 640K, reserved 1048576K
Event: 19.541 GC heap after
Heap after GC invocations=21 (full 4):
 PSYoungGen      total 184320K, used 77714K [0x00000000eab00000, 0x00000000fde00000, 0x0000000100000000)
  eden space 68096K, 0% used [0x00000000eab00000,0x00000000eab00000,0x00000000eed80000)
  from space 116224K, 66% used [0x00000000eed80000,0x00000000f3964a60,0x00000000f5f00000)
  to   space 116224K, 0% used [0x00000000f6c80000,0x00000000f6c80000,0x00000000fde00000)
 ParOldGen       total 329728K, used 249214K [0x00000000c0000000, 0x00000000d4200000, 0x00000000eab00000)
  object space 329728K, 75% used [0x00000000c0000000,0x00000000cf35f9c0,0x00000000d4200000)
 Metaspace       used 5334K, capacity 6544K, committed 6784K, reserved 1056768K
  class space    used 518K, capacity 584K, committed 640K, reserved 1048576K
}
Event: 20.140 GC heap before
{Heap before GC invocations=22 (full 4):
 PSYoungGen      total 184320K, used 145810K [0x00000000eab00000, 0x00000000fde00000, 0x0000000100000000)
  eden space 68096K, 100% used [0x00000000eab00000,0x00000000eed80000,0x00000000eed80000)
  from space 116224K, 66% used [0x00000000eed80000,0x00000000f3964a60,0x00000000f5f00000)
  to   space 116224K, 0% used [0x00000000f6c80000,0x00000000f6c80000,0x00000000fde00000)
 ParOldGen       total 329728K, used 249214K [0x00000000c0000000, 0x00000000d4200000, 0x00000000eab00000)
  object space 329728K, 75% used [0x00000000c0000000,0x00000000cf35f9c0,0x00000000d4200000)
 Metaspace       used 5340K, capacity 6608K, committed 6784K, reserved 1056768K
  class space    used 518K, capacity 584K, committed 640K, reserved 1048576K
Event: 20.500 GC heap after
Heap after GC invocations=22 (full 4):
 PSYoungGen      total 198144K, used 66999K [0x00000000eab00000, 0x00000000fde00000, 0x0000000100000000)
  eden space 81920K, 0% used [0x00000000eab00000,0x00000000eab00000,0x00000000efb00000)
  from space 116224K, 57% used [0x00000000f6c80000,0x00000000fadedee8,0x00000000fde00000)
  to   space 116224K, 0% used [0x00000000efb00000,0x00000000efb00000,0x00000000f6c80000)
 ParOldGen       total 329728K, used 292814K [0x00000000c0000000, 0x00000000d4200000, 0x00000000eab00000)
  object space 329728K, 88% used [0x00000000c0000000,0x00000000d1df3830,0x00000000d4200000)
 Metaspace       used 5340K, capacity 6608K, committed 6784K, reserved 1056768K
  class space    used 518K, capacity 584K, committed 640K, reserved 1048576K
}
Event: 20.511 GC heap before
{Heap before GC invocations=23 (full 5):
 PSYoungGen      total 198144K, used 66999K [0x00000000eab00000, 0x00000000fde00000, 0x0000000100000000)
  eden space 81920K, 0% used [0x00000000eab00000,0x00000000eab00000,0x00000000efb00000)
  from space 116224K, 57% used [0x00000000f6c80000,0x00000000fadedee8,0x00000000fde00000)
  to   space 116224K, 0% used [0x00000000efb00000,0x00000000efb00000,0x00000000f6c80000)
 ParOldGen       total 329728K, used 292814K [0x00000000c0000000, 0x00000000d4200000, 0x00000000eab00000)
  object space 329728K, 88% used [0x00000000c0000000,0x00000000d1df3830,0x00000000d4200000)
 Metaspace       used 5340K, capacity 6608K, committed 6784K, reserved 1056768K
  class space    used 518K, capacity 584K, committed 640K, reserved 1048576K

