# JRE version: Java(TM) SE Runtime Environment (8.0_25-b17) (build 1.8.0_25-b17)
# Java VM: Java HotSpot(TM) 64-Bit Server VM (25.25-b02 mixed mode linux-amd64 compressed oops)
Heap:
 PSYoungGen      total 101888K, used 0K [0x00000000ee400000, 0x00000000f6400000, 0x0000000100000000)
  eden space 86016K, 0% used [0x00000000ee400000,0x00000000ee400000,0x00000000f3800000)
  from space 15872K, 0% used [0x00000000f4c00000,0x00000000f4c00000,0x00000000f5b80000)
  to   space 20480K, 0% used [0x00000000f3800000,0x00000000f3800000,0x00000000f4c00000)
 ParOldGen       total 35328K, used 34438K [0x00000000cac00000, 0x00000000cce80000, 0x00000000ee400000)
  object space 35328K, 97% used [0x00000000cac00000,0x00000000ccda1920,0x00000000cce80000)
 Metaspace       used 34882K, capacity 35285K, committed 35496K, reserved 1079296K
  class space    used 5735K, capacity 5870K, committed 5936K, reserved 1048576K
GC Heap History (10 events):
Event: 3.900 GC heap after
Heap after GC invocations=5 (full 0):
 PSYoungGen      total 30720K, used 2035K [0x00000000ee400000, 0x00000000f2a00000, 0x0000000100000000)
  eden space 28672K, 0% used [0x00000000ee400000,0x00000000ee400000,0x00000000f0000000)
  from space 2048K, 99% used [0x00000000f0000000,0x00000000f01fcc20,0x00000000f0200000)
  to   space 7168K, 0% used [0x00000000f2300000,0x00000000f2300000,0x00000000f2a00000)
 ParOldGen       total 36864K, used 12487K [0x00000000cac00000, 0x00000000cd000000, 0x00000000ee400000)
  object space 36864K, 33% used [0x00000000cac00000,0x00000000cb831e58,0x00000000cd000000)
 Metaspace       used 15725K, capacity 16064K, committed 16128K, reserved 1062912K
  class space    used 2692K, capacity 2816K, committed 2816K, reserved 1048576K
}
Event: 4.874 GC heap before
{Heap before GC invocations=6 (full 0):
 PSYoungGen      total 30720K, used 27904K [0x00000000ee400000, 0x00000000f2a00000, 0x0000000100000000)
  eden space 28672K, 90% used [0x00000000ee400000,0x00000000efd43410,0x00000000f0000000)
  from space 2048K, 99% used [0x00000000f0000000,0x00000000f01fcc20,0x00000000f0200000)
  to   space 7168K, 0% used [0x00000000f2300000,0x00000000f2300000,0x00000000f2a00000)
 ParOldGen       total 36864K, used 12487K [0x00000000cac00000, 0x00000000cd000000, 0x00000000ee400000)
  object space 36864K, 33% used [0x00000000cac00000,0x00000000cb831e58,0x00000000cd000000)
 Metaspace       used 20804K, capacity 21228K, committed 21296K, reserved 1067008K
  class space    used 3715K, capacity 3852K, committed 3888K, reserved 1048576K
Event: 4.889 GC heap after
Heap after GC invocations=6 (full 0):
 PSYoungGen      total 63488K, used 6738K [0x00000000ee400000, 0x00000000f2c00000, 0x0000000100000000)
  eden space 56320K, 0% used [0x00000000ee400000,0x00000000ee400000,0x00000000f1b00000)
  from space 7168K, 94% used [0x00000000f2300000,0x00000000f2994b48,0x00000000f2a00000)
  to   space 8192K, 0% used [0x00000000f1b00000,0x00000000f1b00000,0x00000000f2300000)
 ParOldGen       total 36864K, used 12487K [0x00000000cac00000, 0x00000000cd000000, 0x00000000ee400000)
  object space 36864K, 33% used [0x00000000cac00000,0x00000000cb831e58,0x00000000cd000000)
 Metaspace       used 20804K, capacity 21228K, committed 21296K, reserved 1067008K
  class space    used 3715K, capacity 3852K, committed 3888K, reserved 1048576K
}
Event: 4.889 GC heap before
{Heap before GC invocations=7 (full 1):
 PSYoungGen      total 63488K, used 6738K [0x00000000ee400000, 0x00000000f2c00000, 0x0000000100000000)
  eden space 56320K, 0% used [0x00000000ee400000,0x00000000ee400000,0x00000000f1b00000)
  from space 7168K, 94% used [0x00000000f2300000,0x00000000f2994b48,0x00000000f2a00000)
  to   space 8192K, 0% used [0x00000000f1b00000,0x00000000f1b00000,0x00000000f2300000)
 ParOldGen       total 36864K, used 12487K [0x00000000cac00000, 0x00000000cd000000, 0x00000000ee400000)
  object space 36864K, 33% used [0x00000000cac00000,0x00000000cb831e58,0x00000000cd000000)
 Metaspace       used 20804K, capacity 21228K, committed 21296K, reserved 1067008K
  class space    used 3715K, capacity 3852K, committed 3888K, reserved 1048576K
Event: 4.954 GC heap after
Heap after GC invocations=7 (full 1):
 PSYoungGen      total 63488K, used 0K [0x00000000ee400000, 0x00000000f2c00000, 0x0000000100000000)
  eden space 56320K, 0% used [0x00000000ee400000,0x00000000ee400000,0x00000000f1b00000)
  from space 7168K, 0% used [0x00000000f2300000,0x00000000f2300000,0x00000000f2a00000)
  to   space 8192K, 0% used [0x00000000f1b00000,0x00000000f1b00000,0x00000000f2300000)
 ParOldGen       total 35328K, used 10795K [0x00000000cac00000, 0x00000000cce80000, 0x00000000ee400000)
  object space 35328K, 30% used [0x00000000cac00000,0x00000000cb68ae68,0x00000000cce80000)
 Metaspace       used 20804K, capacity 21228K, committed 21296K, reserved 1067008K
  class space    used 3715K, capacity 3852K, committed 3888K, reserved 1048576K
}
Event: 6.975 GC heap before
{Heap before GC invocations=8 (full 1):
 PSYoungGen      total 63488K, used 56320K [0x00000000ee400000, 0x00000000f2c00000, 0x0000000100000000)
  eden space 56320K, 100% used [0x00000000ee400000,0x00000000f1b00000,0x00000000f1b00000)
  from space 7168K, 0% used [0x00000000f2300000,0x00000000f2300000,0x00000000f2a00000)
  to   space 8192K, 0% used [0x00000000f1b00000,0x00000000f1b00000,0x00000000f2300000)
 ParOldGen       total 35328K, used 10795K [0x00000000cac00000, 0x00000000cce80000, 0x00000000ee400000)
  object space 35328K, 30% used [0x00000000cac00000,0x00000000cb68ae68,0x00000000cce80000)
 Metaspace       used 26982K, capacity 27410K, committed 27440K, reserved 1071104K
  class space    used 4762K, capacity 4910K, committed 4912K, reserved 1048576K
Event: 7.019 GC heap after
Heap after GC invocations=8 (full 1):
 PSYoungGen      total 64512K, used 8160K [0x00000000ee400000, 0x00000000f5b80000, 0x0000000100000000)
  eden space 56320K, 0% used [0x00000000ee400000,0x00000000ee400000,0x00000000f1b00000)
  from space 8192K, 99% used [0x00000000f1b00000,0x00000000f22f8050,0x00000000f2300000)
  to   space 15872K, 0% used [0x00000000f4c00000,0x00000000f4c00000,0x00000000f5b80000)
 ParOldGen       total 35328K, used 23559K [0x00000000cac00000, 0x00000000cce80000, 0x00000000ee400000)
  object space 35328K, 66% used [0x00000000cac00000,0x00000000cc301f70,0x00000000cce80000)
 Metaspace       used 26982K, capacity 27410K, committed 27440K, reserved 1071104K
  class space    used 4762K, capacity 4910K, committed 4912K, reserved 1048576K
}
Event: 10.840 GC heap before
{Heap before GC invocations=9 (full 1):
 PSYoungGen      total 64512K, used 50750K [0x00000000ee400000, 0x00000000f5b80000, 0x0000000100000000)
  eden space 56320K, 75% used [0x00000000ee400000,0x00000000f0d97a30,0x00000000f1b00000)
  from space 8192K, 99% used [0x00000000f1b00000,0x00000000f22f8050,0x00000000f2300000)
  to   space 15872K, 0% used [0x00000000f4c00000,0x00000000f4c00000,0x00000000f5b80000)
 ParOldGen       total 35328K, used 23559K [0x00000000cac00000, 0x00000000cce80000, 0x00000000ee400000)
  object space 35328K, 66% used [0x00000000cac00000,0x00000000cc301f70,0x00000000cce80000)
 Metaspace       used 34882K, capacity 35285K, committed 35496K, reserved 1079296K
  class space    used 5735K, capacity 5870K, committed 5936K, reserved 1048576K
Event: 10.905 GC heap after
Heap after GC invocations=9 (full 1):
 PSYoungGen      total 101888K, used 15844K [0x00000000ee400000, 0x00000000f6400000, 0x0000000100000000)
  eden space 86016K, 0% used [0x00000000ee400000,0x00000000ee400000,0x00000000f3800000)
  from space 15872K, 99% used [0x00000000f4c00000,0x00000000f5b793d8,0x00000000f5b80000)
  to   space 20480K, 0% used [0x00000000f3800000,0x00000000f3800000,0x00000000f4c00000)
 ParOldGen       total 35328K, used 27805K [0x00000000cac00000, 0x00000000cce80000, 0x00000000ee400000)
  object space 35328K, 78% used [0x00000000cac00000,0x00000000cc727680,0x00000000cce80000)
 Metaspace       used 34882K, capacity 35285K, committed 35496K, reserved 1079296K
  class space    used 5735K, capacity 5870K, committed 5936K, reserved 1048576K
}
Event: 10.905 GC heap before
{Heap before GC invocations=10 (full 2):
 PSYoungGen      total 101888K, used 15844K [0x00000000ee400000, 0x00000000f6400000, 0x0000000100000000)
  eden space 86016K, 0% used [0x00000000ee400000,0x00000000ee400000,0x00000000f3800000)
  from space 15872K, 99% used [0x00000000f4c00000,0x00000000f5b793d8,0x00000000f5b80000)
  to   space 20480K, 0% used [0x00000000f3800000,0x00000000f3800000,0x00000000f4c00000)
 ParOldGen       total 35328K, used 27805K [0x00000000cac00000, 0x00000000cce80000, 0x00000000ee400000)
  object space 35328K, 78% used [0x00000000cac00000,0x00000000cc727680,0x00000000cce80000)
 Metaspace       used 34882K, capacity 35285K, committed 35496K, reserved 1079296K
  class space    used 5735K, capacity 5870K, committed 5936K, reserved 1048576K

