# JRE version: Java(TM) SE Runtime Environment (8.0_25-b17) (build 1.8.0_25-b17)
# Java VM: Java HotSpot(TM) 64-Bit Server VM (25.25-b02 mixed mode linux-amd64 compressed oops)
Heap:
 PSYoungGen      total 171520K, used 60707K [0x00000000eab00000, 0x00000000fd980000, 0x0000000100000000)
  eden space 60928K, 0% used [0x00000000eab00000,0x00000000eab00000,0x00000000ee680000)
  from space 110592K, 54% used [0x00000000ee680000,0x00000000f21c8cb8,0x00000000f5280000)
  to   space 114688K, 0% used [0x00000000f6980000,0x00000000f6980000,0x00000000fd980000)
 ParOldGen       total 202752K, used 202245K [0x00000000c0000000, 0x00000000cc600000, 0x00000000eab00000)
  object space 202752K, 99% used [0x00000000c0000000,0x00000000cc581428,0x00000000cc600000)
 Metaspace       used 5225K, capacity 6544K, committed 6784K, reserved 1056768K
  class space    used 499K, capacity 584K, committed 640K, reserved 1048576K
GC Heap History (10 events):
Event: 7.829 GC heap after
Heap after GC invocations=12 (full 3):
 PSYoungGen      total 113664K, used 33358K [0x00000000eab00000, 0x00000000f7400000, 0x0000000100000000)
  eden space 55808K, 0% used [0x00000000eab00000,0x00000000eab00000,0x00000000ee180000)
  from space 57856K, 57% used [0x00000000ee180000,0x00000000f02139d0,0x00000000f1a00000)
  to   space 67584K, 0% used [0x00000000f3200000,0x00000000f3200000,0x00000000f7400000)
 ParOldGen       total 202752K, used 122132K [0x00000000c0000000, 0x00000000cc600000, 0x00000000eab00000)
  object space 202752K, 60% used [0x00000000c0000000,0x00000000c7745008,0x00000000cc600000)
 Metaspace       used 5218K, capacity 6544K, committed 6784K, reserved 1056768K
  class space    used 498K, capacity 584K, committed 640K, reserved 1048576K
}
Event: 8.352 GC heap before
{Heap before GC invocations=13 (full 3):
 PSYoungGen      total 113664K, used 89166K [0x00000000eab00000, 0x00000000f7400000, 0x0000000100000000)
  eden space 55808K, 100% used [0x00000000eab00000,0x00000000ee180000,0x00000000ee180000)
  from space 57856K, 57% used [0x00000000ee180000,0x00000000f02139d0,0x00000000f1a00000)
  to   space 67584K, 0% used [0x00000000f3200000,0x00000000f3200000,0x00000000f7400000)
 ParOldGen       total 202752K, used 122132K [0x00000000c0000000, 0x00000000cc600000, 0x00000000eab00000)
  object space 202752K, 60% used [0x00000000c0000000,0x00000000c7745008,0x00000000cc600000)
 Metaspace       used 5219K, capacity 6544K, committed 6784K, reserved 1056768K
  class space    used 498K, capacity 584K, committed 640K, reserved 1048576K
Event: 8.544 GC heap after
Heap after GC invocations=13 (full 3):
 PSYoungGen      total 131072K, used 58459K [0x00000000eab00000, 0x00000000f8080000, 0x0000000100000000)
  eden space 63488K, 0% used [0x00000000eab00000,0x00000000eab00000,0x00000000ee900000)
  from space 67584K, 86% used [0x00000000f3200000,0x00000000f6b16d48,0x00000000f7400000)
  to   space 74752K, 0% used [0x00000000ee900000,0x00000000ee900000,0x00000000f3200000)
 ParOldGen       total 202752K, used 122140K [0x00000000c0000000, 0x00000000cc600000, 0x00000000eab00000)
  object space 202752K, 60% used [0x00000000c0000000,0x00000000c7747008,0x00000000cc600000)
 Metaspace       used 5219K, capacity 6544K, committed 6784K, reserved 1056768K
  class space    used 498K, capacity 584K, committed 640K, reserved 1048576K
}
Event: 9.071 GC heap before
{Heap before GC invocations=14 (full 3):
 PSYoungGen      total 131072K, used 121947K [0x00000000eab00000, 0x00000000f8080000, 0x0000000100000000)
  eden space 63488K, 100% used [0x00000000eab00000,0x00000000ee900000,0x00000000ee900000)
  from space 67584K, 86% used [0x00000000f3200000,0x00000000f6b16d48,0x00000000f7400000)
  to   space 74752K, 0% used [0x00000000ee900000,0x00000000ee900000,0x00000000f3200000)
 ParOldGen       total 202752K, used 122140K [0x00000000c0000000, 0x00000000cc600000, 0x00000000eab00000)
  object space 202752K, 60% used [0x00000000c0000000,0x00000000c7747008,0x00000000cc600000)
 Metaspace       used 5223K, capacity 6544K, committed 6784K, reserved 1056768K
  class space    used 498K, capacity 584K, committed 640K, reserved 1048576K
Event: 9.271 GC heap after
Heap after GC invocations=14 (full 3):
 PSYoungGen      total 138240K, used 74727K [0x00000000eab00000, 0x00000000fab80000, 0x0000000100000000)
  eden space 63488K, 0% used [0x00000000eab00000,0x00000000eab00000,0x00000000ee900000)
  from space 74752K, 99% used [0x00000000ee900000,0x00000000f31f9de0,0x00000000f3200000)
  to   space 91136K, 0% used [0x00000000f5280000,0x00000000f5280000,0x00000000fab80000)
 ParOldGen       total 202752K, used 134291K [0x00000000c0000000, 0x00000000cc600000, 0x00000000eab00000)
  object space 202752K, 66% used [0x00000000c0000000,0x00000000c8324fc8,0x00000000cc600000)
 Metaspace       used 5223K, capacity 6544K, committed 6784K, reserved 1056768K
  class space    used 498K, capacity 584K, committed 640K, reserved 1048576K
}
Event: 9.699 GC heap before
{Heap before GC invocations=15 (full 3):
 PSYoungGen      total 138240K, used 138215K [0x00000000eab00000, 0x00000000fab80000, 0x0000000100000000)
  eden space 63488K, 100% used [0x00000000eab00000,0x00000000ee900000,0x00000000ee900000)
  from space 74752K, 99% used [0x00000000ee900000,0x00000000f31f9de0,0x00000000f3200000)
  to   space 91136K, 0% used [0x00000000f5280000,0x00000000f5280000,0x00000000fab80000)
 ParOldGen       total 202752K, used 134291K [0x00000000c0000000, 0x00000000cc600000, 0x00000000eab00000)
  object space 202752K, 66% used [0x00000000c0000000,0x00000000c8324fc8,0x00000000cc600000)
 Metaspace       used 5224K, capacity 6544K, committed 6784K, reserved 1056768K
  class space    used 499K, capacity 584K, committed 640K, reserved 1048576K
Event: 9.987 GC heap after
Heap after GC invocations=15 (full 3):
 PSYoungGen      total 152064K, used 91134K [0x00000000eab00000, 0x00000000fd380000, 0x0000000100000000)
  eden space 60928K, 0% used [0x00000000eab00000,0x00000000eab00000,0x00000000ee680000)
  from space 91136K, 99% used [0x00000000f5280000,0x00000000fab7fa00,0x00000000fab80000)
  to   space 110592K, 0% used [0x00000000ee680000,0x00000000ee680000,0x00000000f5280000)
 ParOldGen       total 202752K, used 147248K [0x00000000c0000000, 0x00000000cc600000, 0x00000000eab00000)
  object space 202752K, 72% used [0x00000000c0000000,0x00000000c8fcc0f8,0x00000000cc600000)
 Metaspace       used 5224K, capacity 6544K, committed 6784K, reserved 1056768K
  class space    used 499K, capacity 584K, committed 640K, reserved 1048576K
}
Event: 10.455 GC heap before
{Heap before GC invocations=16 (full 3):
 PSYoungGen      total 152064K, used 152062K [0x00000000eab00000, 0x00000000fd380000, 0x0000000100000000)
  eden space 60928K, 100% used [0x00000000eab00000,0x00000000ee680000,0x00000000ee680000)
  from space 91136K, 99% used [0x00000000f5280000,0x00000000fab7fa00,0x00000000fab80000)
  to   space 110592K, 0% used [0x00000000ee680000,0x00000000ee680000,0x00000000f5280000)
 ParOldGen       total 202752K, used 147248K [0x00000000c0000000, 0x00000000cc600000, 0x00000000eab00000)
  object space 202752K, 72% used [0x00000000c0000000,0x00000000c8fcc0f8,0x00000000cc600000)
 Metaspace       used 5225K, capacity 6544K, committed 6784K, reserved 1056768K
  class space    used 499K, capacity 584K, committed 640K, reserved 1048576K
Event: 10.756 GC heap after
Heap after GC invocations=16 (full 3):
 PSYoungGen      total 171520K, used 73189K [0x00000000eab00000, 0x00000000fd980000, 0x0000000100000000)
  eden space 60928K, 0% used [0x00000000eab00000,0x00000000eab00000,0x00000000ee680000)
  from space 110592K, 66% used [0x00000000ee680000,0x00000000f2df9420,0x00000000f5280000)
  to   space 114688K, 0% used [0x00000000f6980000,0x00000000f6980000,0x00000000fd980000)
 ParOldGen       total 202752K, used 193343K [0x00000000c0000000, 0x00000000cc600000, 0x00000000eab00000)
  object space 202752K, 95% used [0x00000000c0000000,0x00000000cbccffc8,0x00000000cc600000)
 Metaspace       used 5225K, capacity 6544K, committed 6784K, reserved 1056768K
  class space    used 499K, capacity 584K, committed 640K, reserved 1048576K
}
Event: 10.762 GC heap before
{Heap before GC invocations=17 (full 4):
 PSYoungGen      total 171520K, used 73189K [0x00000000eab00000, 0x00000000fd980000, 0x0000000100000000)
  eden space 60928K, 0% used [0x00000000eab00000,0x00000000eab00000,0x00000000ee680000)
  from space 110592K, 66% used [0x00000000ee680000,0x00000000f2df9420,0x00000000f5280000)
  to   space 114688K, 0% used [0x00000000f6980000,0x00000000f6980000,0x00000000fd980000)
 ParOldGen       total 202752K, used 193343K [0x00000000c0000000, 0x00000000cc600000, 0x00000000eab00000)
  object space 202752K, 95% used [0x00000000c0000000,0x00000000cbccffc8,0x00000000cc600000)
 Metaspace       used 5225K, capacity 6544K, committed 6784K, reserved 1056768K
  class space    used 499K, capacity 584K, committed 640K, reserved 1048576K

