# JRE version: Java(TM) SE Runtime Environment (8.0_25-b17) (build 1.8.0_25-b17)
# Java VM: Java HotSpot(TM) 64-Bit Server VM (25.25-b02 mixed mode linux-amd64 compressed oops)
Heap:
 PSYoungGen      total 193024K, used 39060K [0x00000000eab00000, 0x00000000fe380000, 0x0000000100000000)
  eden space 76800K, 0% used [0x00000000eab00000,0x00000000eab00000,0x00000000ef600000)
  from space 116224K, 33% used [0x00000000ef600000,0x00000000f1c25250,0x00000000f6780000)
  to   space 114176K, 0% used [0x00000000f7400000,0x00000000f7400000,0x00000000fe380000)
 ParOldGen       total 318976K, used 318957K [0x00000000c0000000, 0x00000000d3780000, 0x00000000eab00000)
  object space 318976K, 99% used [0x00000000c0000000,0x00000000d377b770,0x00000000d3780000)
 Metaspace       used 5567K, capacity 6736K, committed 7040K, reserved 1056768K
  class space    used 536K, capacity 584K, committed 640K, reserved 1048576K
GC Heap History (10 events):
Event: 20.413 GC heap after
Heap after GC invocations=19 (full 4):
 PSYoungGen      total 165376K, used 60997K [0x00000000eab00000, 0x00000000fd100000, 0x0000000100000000)
  eden space 52736K, 0% used [0x00000000eab00000,0x00000000eab00000,0x00000000ede80000)
  from space 112640K, 54% used [0x00000000ede80000,0x00000000f1a11678,0x00000000f4c80000)
  to   space 116224K, 0% used [0x00000000f5f80000,0x00000000f5f80000,0x00000000fd100000)
 ParOldGen       total 312832K, used 204827K [0x00000000c0000000, 0x00000000d3180000, 0x00000000eab00000)
  object space 312832K, 65% used [0x00000000c0000000,0x00000000cc806db8,0x00000000d3180000)
 Metaspace       used 5230K, capacity 6544K, committed 6784K, reserved 1056768K
  class space    used 499K, capacity 584K, committed 640K, reserved 1048576K
}
Event: 20.942 GC heap before
{Heap before GC invocations=20 (full 4):
 PSYoungGen      total 165376K, used 113733K [0x00000000eab00000, 0x00000000fd100000, 0x0000000100000000)
  eden space 52736K, 100% used [0x00000000eab00000,0x00000000ede80000,0x00000000ede80000)
  from space 112640K, 54% used [0x00000000ede80000,0x00000000f1a11678,0x00000000f4c80000)
  to   space 116224K, 0% used [0x00000000f5f80000,0x00000000f5f80000,0x00000000fd100000)
 ParOldGen       total 312832K, used 204827K [0x00000000c0000000, 0x00000000d3180000, 0x00000000eab00000)
  object space 312832K, 65% used [0x00000000c0000000,0x00000000cc806db8,0x00000000d3180000)
 Metaspace       used 5230K, capacity 6544K, committed 6784K, reserved 1056768K
  class space    used 499K, capacity 584K, committed 640K, reserved 1048576K
Event: 21.364 GC heap after
Heap after GC invocations=20 (full 4):
 PSYoungGen      total 182784K, used 62478K [0x00000000eab00000, 0x00000000fd000000, 0x0000000100000000)
  eden space 67584K, 0% used [0x00000000eab00000,0x00000000eab00000,0x00000000eed00000)
  from space 115200K, 54% used [0x00000000f5f80000,0x00000000f9c83b98,0x00000000fd000000)
  to   space 116224K, 0% used [0x00000000eed00000,0x00000000eed00000,0x00000000f5e80000)
 ParOldGen       total 312832K, used 226358K [0x00000000c0000000, 0x00000000d3180000, 0x00000000eab00000)
  object space 312832K, 72% used [0x00000000c0000000,0x00000000cdd0d840,0x00000000d3180000)
 Metaspace       used 5230K, capacity 6544K, committed 6784K, reserved 1056768K
  class space    used 499K, capacity 584K, committed 640K, reserved 1048576K
}
Event: 22.258 GC heap before
{Heap before GC invocations=21 (full 4):
 PSYoungGen      total 182784K, used 130062K [0x00000000eab00000, 0x00000000fd000000, 0x0000000100000000)
  eden space 67584K, 100% used [0x00000000eab00000,0x00000000eed00000,0x00000000eed00000)
  from space 115200K, 54% used [0x00000000f5f80000,0x00000000f9c83b98,0x00000000fd000000)
  to   space 116224K, 0% used [0x00000000eed00000,0x00000000eed00000,0x00000000f5e80000)
 ParOldGen       total 312832K, used 226358K [0x00000000c0000000, 0x00000000d3180000, 0x00000000eab00000)
  object space 312832K, 72% used [0x00000000c0000000,0x00000000cdd0d840,0x00000000d3180000)
 Metaspace       used 5327K, capacity 6544K, committed 6784K, reserved 1056768K
  class space    used 518K, capacity 584K, committed 640K, reserved 1048576K
Event: 22.656 GC heap after
Heap after GC invocations=21 (full 4):
 PSYoungGen      total 183808K, used 56694K [0x00000000eab00000, 0x00000000fd580000, 0x0000000100000000)
  eden space 67584K, 0% used [0x00000000eab00000,0x00000000eab00000,0x00000000eed00000)
  from space 116224K, 48% used [0x00000000eed00000,0x00000000f245da78,0x00000000f5e80000)
  to   space 112640K, 0% used [0x00000000f6780000,0x00000000f6780000,0x00000000fd580000)
 ParOldGen       total 312832K, used 265009K [0x00000000c0000000, 0x00000000d3180000, 0x00000000eab00000)
  object space 312832K, 84% used [0x00000000c0000000,0x00000000d02cc5a0,0x00000000d3180000)
 Metaspace       used 5327K, capacity 6544K, committed 6784K, reserved 1056768K
  class space    used 518K, capacity 584K, committed 640K, reserved 1048576K
}
Event: 23.595 GC heap before
{Heap before GC invocations=22 (full 4):
 PSYoungGen      total 183808K, used 124278K [0x00000000eab00000, 0x00000000fd580000, 0x0000000100000000)
  eden space 67584K, 100% used [0x00000000eab00000,0x00000000eed00000,0x00000000eed00000)
  from space 116224K, 48% used [0x00000000eed00000,0x00000000f245da78,0x00000000f5e80000)
  to   space 112640K, 0% used [0x00000000f6780000,0x00000000f6780000,0x00000000fd580000)
 ParOldGen       total 312832K, used 265009K [0x00000000c0000000, 0x00000000d3180000, 0x00000000eab00000)
  object space 312832K, 84% used [0x00000000c0000000,0x00000000d02cc5a0,0x00000000d3180000)
 Metaspace       used 5335K, capacity 6608K, committed 6784K, reserved 1056768K
  class space    used 518K, capacity 584K, committed 640K, reserved 1048576K
Event: 23.852 GC heap after
Heap after GC invocations=22 (full 4):
 PSYoungGen      total 189440K, used 89114K [0x00000000eab00000, 0x00000000fdc00000, 0x0000000100000000)
  eden space 76800K, 0% used [0x00000000eab00000,0x00000000eab00000,0x00000000ef600000)
  from space 112640K, 79% used [0x00000000f6780000,0x00000000fbe868a0,0x00000000fd580000)
  to   space 116224K, 0% used [0x00000000ef600000,0x00000000ef600000,0x00000000f6780000)
 ParOldGen       total 312832K, used 265009K [0x00000000c0000000, 0x00000000d3180000, 0x00000000eab00000)
  object space 312832K, 84% used [0x00000000c0000000,0x00000000d02cc5a0,0x00000000d3180000)
 Metaspace       used 5335K, capacity 6608K, committed 6784K, reserved 1056768K
  class space    used 518K, capacity 584K, committed 640K, reserved 1048576K
}
Event: 28.040 GC heap before
{Heap before GC invocations=23 (full 4):
 PSYoungGen      total 189440K, used 165914K [0x00000000eab00000, 0x00000000fdc00000, 0x0000000100000000)
  eden space 76800K, 100% used [0x00000000eab00000,0x00000000ef600000,0x00000000ef600000)
  from space 112640K, 79% used [0x00000000f6780000,0x00000000fbe868a0,0x00000000fd580000)
  to   space 116224K, 0% used [0x00000000ef600000,0x00000000ef600000,0x00000000f6780000)
 ParOldGen       total 312832K, used 265009K [0x00000000c0000000, 0x00000000d3180000, 0x00000000eab00000)
  object space 312832K, 84% used [0x00000000c0000000,0x00000000d02cc5a0,0x00000000d3180000)
 Metaspace       used 5567K, capacity 6736K, committed 7040K, reserved 1056768K
  class space    used 536K, capacity 584K, committed 640K, reserved 1048576K
Event: 30.283 GC heap after
Heap after GC invocations=23 (full 4):
 PSYoungGen      total 193024K, used 55305K [0x00000000eab00000, 0x00000000fe380000, 0x0000000100000000)
  eden space 76800K, 0% used [0x00000000eab00000,0x00000000eab00000,0x00000000ef600000)
  from space 116224K, 47% used [0x00000000ef600000,0x00000000f2c02678,0x00000000f6780000)
  to   space 114176K, 0% used [0x00000000f7400000,0x00000000f7400000,0x00000000fe380000)
 ParOldGen       total 318976K, used 318108K [0x00000000c0000000, 0x00000000d3780000, 0x00000000eab00000)
  object space 318976K, 99% used [0x00000000c0000000,0x00000000d36a7018,0x00000000d3780000)
 Metaspace       used 5567K, capacity 6736K, committed 7040K, reserved 1056768K
  class space    used 536K, capacity 584K, committed 640K, reserved 1048576K
}
Event: 31.704 GC heap before
{Heap before GC invocations=24 (full 5):
 PSYoungGen      total 193024K, used 55305K [0x00000000eab00000, 0x00000000fe380000, 0x0000000100000000)
  eden space 76800K, 0% used [0x00000000eab00000,0x00000000eab00000,0x00000000ef600000)
  from space 116224K, 47% used [0x00000000ef600000,0x00000000f2c02678,0x00000000f6780000)
  to   space 114176K, 0% used [0x00000000f7400000,0x00000000f7400000,0x00000000fe380000)
 ParOldGen       total 318976K, used 318108K [0x00000000c0000000, 0x00000000d3780000, 0x00000000eab00000)
  object space 318976K, 99% used [0x00000000c0000000,0x00000000d36a7018,0x00000000d3780000)
 Metaspace       used 5567K, capacity 6736K, committed 7040K, reserved 1056768K
  class space    used 536K, capacity 584K, committed 640K, reserved 1048576K

